#
# There is insufficient memory for the Java Runtime Environment to continue.
# Native memory allocation (malloc) failed to allocate 1048576 bytes. Error detail: AllocateHeap
# Possible reasons:
#   The system is out of physical RAM or swap space
#   This process is running with CompressedOops enabled, and the Java Heap may be blocking the growth of the native heap
# Possible solutions:
#   Reduce memory load on the system
#   Increase physical memory or swap space
#   Check if swap backing store is full
#   Decrease Java heap size (-Xmx/-Xms)
#   Decrease number of Java threads
#   Decrease Java thread stack sizes (-Xss)
#   Set larger code cache with -XX:ReservedCodeCacheSize=
#   JVM is running with Unscaled Compressed Oops mode in which the Java heap is
#     placed in the first 4GB address space. The Java Heap base address is the
#     maximum limit for the native heap growth. Please use -XX:HeapBaseMinAddress
#     to set the Java Heap base and to place the Java Heap above 4GB virtual address.
# This output file may be truncated or incomplete.
#
#  Out of Memory Error (allocation.cpp:44), pid=7728, tid=7632
#
# JRE version:  (22.0.2+9) (build )
# Java VM: Java HotSpot(TM) 64-Bit Server VM (22.0.2+9-70, mixed mode, sharing, tiered, compressed oops, compressed class ptrs, g1 gc, windows-amd64)
# No core dump will be written. Minidumps are not enabled by default on client versions of Windows
#

---------------  S U M M A R Y ------------

Command Line: c:\Users\Lenovo\.vscode\extensions\redhat.vscode-apache-camel-1.14.0\jars\language-server.jar

Host: AMD Ryzen 5 5500U with Radeon Graphics         , 12 cores, 5G,  Windows 11 , 64 bit Build 26100 (10.0.26100.7623)
Time: Wed Jan 21 00:38:46 2026 India Standard Time elapsed time: 1.037119 seconds (0d 0h 0m 1s)

---------------  T H R E A D  ---------------

Current thread (0x0000029f3a943fb0):  JavaThread "Unknown thread" [_thread_in_vm, id=7632, stack(0x000000c3a7800000,0x000000c3a7900000) (1024K)]

Stack: [0x000000c3a7800000,0x000000c3a7900000]
Native frames: (J=compiled Java code, j=interpreted, Vv=VM code, C=native code)
V  [jvm.dll+0x6e26e9]  (no source info available)
V  [jvm.dll+0x875753]  (no source info available)
V  [jvm.dll+0x877b7e]  (no source info available)
V  [jvm.dll+0x878253]  (no source info available)
V  [jvm.dll+0x27fc86]  (no source info available)
V  [jvm.dll+0xbe877]  (no source info available)
V  [jvm.dll+0x335144]  (no source info available)
V  [jvm.dll+0x32d22e]  (no source info available)
V  [jvm.dll+0x83d5ac]  (no source info available)
V  [jvm.dll+0x3c10d1]  (no source info available)
V  [jvm.dll+0x8264cc]  (no source info available)
V  [jvm.dll+0x45bd5e]  (no source info available)
V  [jvm.dll+0x45dbe1]  (no source info available)
C  [jli.dll+0x52a3]  (no source info available)
C  [ucrtbase.dll+0x37b0]  (no source info available)
C  [KERNEL32.DLL+0x2e8d7]  (no source info available)
C  [ntdll.dll+0x8c53c]  (no source info available)


---------------  P R O C E S S  ---------------

Threads class SMR info:
_java_thread_list=0x00007ffea7f4c1c8, length=0, elements={
}

Java Threads: ( => current thread )
Total: 0

Other Threads:
  0x0000029f3aec36e0 WorkerThread "GC Thread#0"                     [id=25728, stack(0x000000c3a7900000,0x000000c3a7a00000) (1024K)]

[error occurred during error reporting (printing all threads), id 0xc0000005, EXCEPTION_ACCESS_VIOLATION (0xc0000005) at pc=0x00007ffea7699c30]
VM state: not at safepoint (not fully initialized)

VM Mutex/Monitor currently owned by a thread:  ([mutex/lock_event])
[0x00007ffea7fccc80] Heap_lock - owner thread: 0x0000029f3a943fb0

Heap address: 0x00000000a2600000, size: 1498 MB, Compressed Oops mode: 32-bit

CDS archive(s) mapped at: [0x0000000000000000-0x0000000000000000-0x0000000000000000), size 0, SharedBaseAddress: 0x0000000800000000, ArchiveRelocationMode: 1.
Narrow klass base: 0x0000000000000000, Narrow klass shift: 0, Narrow klass range: 0x0

GC Precious Log:
 CardTable entry size: 512
 Card Set container configuration: InlinePtr #cards 5 size 8 Array Of Cards #cards 12 size 40 Howl #buckets 4 coarsen threshold 1843 Howl Bitmap #cards 512 size 80 coarsen threshold 460 Card regions per heap region 1 cards per card region 2048

Heap:
 garbage-first heap   total reserved 1533952K, committed 0K, used 0K [0x00000000a2600000, 0x0000000100000000)
  region size 1024K, 0 young (0K), 0 survivors (0K)

[error occurred during error reporting (printing heap information), id 0xc0000005, EXCEPTION_ACCESS_VIOLATION (0xc0000005) at pc=0x00007ffea7a9e869]
GC Heap History (0 events):
No events

Dll operation events (1 events):
Event: 0.020 Loaded shared library C:\Program Files\Java\jdk-22\bin\java.dll

Deoptimization events (0 events):
No events

Classes loaded (0 events):
No events

Classes unloaded (0 events):
No events

Classes redefined (0 events):
No events

Internal exceptions (0 events):
No events

ZGC Phase Switch (0 events):
No events

VM Operations (0 events):
No events

Memory protections (0 events):
No events

Nmethod flushes (0 events):
No events

Events (0 events):
No events


Dynamic libraries:
0x00007ff7c7230000 - 0x00007ff7c7240000 	C:\Program Files\Java\jdk-22\bin\java.exe
0x00007fff93180000 - 0x00007fff933e7000 	C:\WINDOWS\SYSTEM32\ntdll.dll
0x00007fff91250000 - 0x00007fff91319000 	C:\WINDOWS\System32\KERNEL32.DLL
0x00007fff905c0000 - 0x00007fff909af000 	C:\WINDOWS\System32\KERNELBASE.dll
0x00007fff90ca0000 - 0x00007fff90deb000 	C:\WINDOWS\System32\ucrtbase.dll
0x00007fff8acd0000 - 0x00007fff8aceb000 	C:\Program Files\Java\jdk-22\bin\VCRUNTIME140.dll
0x00007fff8ac80000 - 0x00007fff8ac97000 	C:\Program Files\Java\jdk-22\bin\jli.dll
0x00007fff91500000 - 0x00007fff916c5000 	C:\WINDOWS\System32\USER32.dll
0x00007fff7bc30000 - 0x00007fff7bec3000 	C:\WINDOWS\WinSxS\amd64_microsoft.windows.common-controls_6595b64144ccf1df_6.0.26100.7309_none_3e05feeae336a044\COMCTL32.dll
0x00007fff902d0000 - 0x00007fff902f7000 	C:\WINDOWS\System32\win32u.dll
0x00007fff926a0000 - 0x00007fff92749000 	C:\WINDOWS\System32\msvcrt.dll
0x00007fff92630000 - 0x00007fff9265b000 	C:\WINDOWS\System32\GDI32.dll
0x00007fff90df0000 - 0x00007fff90f1c000 	C:\WINDOWS\System32\gdi32full.dll
0x00007fff909c0000 - 0x00007fff90a63000 	C:\WINDOWS\System32\msvcp_win.dll
0x00007fff92660000 - 0x00007fff92691000 	C:\WINDOWS\System32\IMM32.DLL
0x00007fff8abc0000 - 0x00007fff8abcc000 	C:\Program Files\Java\jdk-22\bin\vcruntime140_1.dll
0x00007fff4b520000 - 0x00007fff4b5ae000 	C:\Program Files\Java\jdk-22\bin\msvcp140.dll
0x00007ffea7360000 - 0x00007ffea80a9000 	C:\Program Files\Java\jdk-22\bin\server\jvm.dll
0x00007fff92ec0000 - 0x00007fff92f74000 	C:\WINDOWS\System32\ADVAPI32.dll
0x00007fff92750000 - 0x00007fff927f6000 	C:\WINDOWS\System32\sechost.dll
0x00007fff92830000 - 0x00007fff92948000 	C:\WINDOWS\System32\RPCRT4.dll
0x00007fff92a30000 - 0x00007fff92aa4000 	C:\WINDOWS\System32\WS2_32.dll
0x00007fff878b0000 - 0x00007fff878e5000 	C:\WINDOWS\SYSTEM32\WINMM.dll
0x00007fff90130000 - 0x00007fff9018e000 	C:\WINDOWS\SYSTEM32\POWRPROF.dll
0x00007fff88ec0000 - 0x00007fff88ecb000 	C:\WINDOWS\SYSTEM32\VERSION.dll
0x00007fff90110000 - 0x00007fff90124000 	C:\WINDOWS\SYSTEM32\UMPDC.dll
0x00007fff8f080000 - 0x00007fff8f09b000 	C:\WINDOWS\SYSTEM32\kernel.appcore.dll
0x00007fff89990000 - 0x00007fff8999a000 	C:\Program Files\Java\jdk-22\bin\jimage.dll
0x00007fff8dc40000 - 0x00007fff8de82000 	C:\WINDOWS\SYSTEM32\DBGHELP.DLL
0x00007fff92ab0000 - 0x00007fff92e36000 	C:\WINDOWS\System32\combase.dll
0x00007fff92950000 - 0x00007fff92a26000 	C:\WINDOWS\System32\OLEAUT32.dll
0x00007fff78760000 - 0x00007fff7879c000 	C:\WINDOWS\SYSTEM32\dbgcore.DLL
0x00007fff90390000 - 0x00007fff90435000 	C:\WINDOWS\System32\bcryptPrimitives.dll
0x00007fff88f80000 - 0x00007fff88f9e000 	C:\Program Files\Java\jdk-22\bin\java.dll
0x00007fff91860000 - 0x00007fff91fb3000 	C:\WINDOWS\System32\SHELL32.dll
0x00007fff90a70000 - 0x00007fff90bda000 	C:\WINDOWS\System32\wintypes.dll
0x00007fff910b0000 - 0x00007fff91247000 	C:\WINDOWS\System32\ole32.dll

dbghelp: loaded successfully - version: 4.0.5 - missing functions: none
symbol engine: initialized successfully - sym options: 0x614 - pdb path: .;C:\Program Files\Java\jdk-22\bin;C:\WINDOWS\SYSTEM32;C:\WINDOWS\WinSxS\amd64_microsoft.windows.common-controls_6595b64144ccf1df_6.0.26100.7309_none_3e05feeae336a044;C:\Program Files\Java\jdk-22\bin\server

VM Arguments:
java_command: c:\Users\Lenovo\.vscode\extensions\redhat.vscode-apache-camel-1.14.0\jars\language-server.jar
java_class_path (initial): c:\Users\Lenovo\.vscode\extensions\redhat.vscode-apache-camel-1.14.0\jars\language-server.jar
Launcher Type: SUN_STANDARD

[Global flags]
     intx CICompilerCount                          = 4                                         {product} {ergonomic}
     uint ConcGCThreads                            = 3                                         {product} {ergonomic}
     uint G1ConcRefinementThreads                  = 10                                        {product} {ergonomic}
   size_t G1HeapRegionSize                         = 1048576                                   {product} {ergonomic}
   size_t InitialHeapSize                          = 98566144                                  {product} {ergonomic}
   size_t MarkStackSize                            = 4194304                                   {product} {ergonomic}
   size_t MaxHeapSize                              = 1570766848                                {product} {ergonomic}
   size_t MinHeapDeltaBytes                        = 1048576                                   {product} {ergonomic}
   size_t MinHeapSize                              = 8388608                                   {product} {ergonomic}
    uintx NonNMethodCodeHeapSize                   = 5839372                                {pd product} {ergonomic}
    uintx NonProfiledCodeHeapSize                  = 122909434                              {pd product} {ergonomic}
    uintx ProfiledCodeHeapSize                     = 122909434                              {pd product} {ergonomic}
    uintx ReservedCodeCacheSize                    = 251658240                              {pd product} {ergonomic}
     bool SegmentedCodeCache                       = true                                      {product} {ergonomic}
   size_t SoftMaxHeapSize                          = 1570766848                             {manageable} {ergonomic}
     bool UseCompressedOops                        = true                           {product lp64_product} {ergonomic}
     bool UseG1GC                                  = true                                      {product} {ergonomic}
     bool UseLargePagesIndividualAllocation        = false                                  {pd product} {ergonomic}

Logging:
Log output configuration:
 #0: stdout all=warning uptime,level,tags foldmultilines=false
 #1: stderr all=off uptime,level,tags foldmultilines=false

Environment Variables:
JAVA_HOME=C:\Program Files\Java\jdk-22
PATH=C:\Program Files\Common Files\Oracle\Java\javapath;C:\Program Files (x86)\Common Files\Oracle\Java\java8path;C:\Program Files (x86)\Common Files\Oracle\Java\javapath;C:\WINDOWS\system32;C:\WINDOWS;C:\WINDOWS\System32\Wbem;C:\WINDOWS\System32\WindowsPowerShell\v1.0\;C:\WINDOWS\System32\OpenSSH\;C:\Program Files\Java\jdk-22\bin;C:\Program Files\Microsoft SQL Server\Client SDK\ODBC\170\Tools\Binn\;C:\Program Files (x86)\Microsoft SQL Server\150\Tools\Binn\;C:\Program Files\Microsoft SQL Server\150\Tools\Binn\;C:\Program Files\Microsoft SQL Server\150\DTS\Binn\;C:\Program Files (x86)\Microsoft SQL Server\160\Tools\Binn\;C:\Program Files\Microsoft SQL Server\160\Tools\Binn\;C:\Program Files\Microsoft SQL Server\160\DTS\Binn\;C:\Program Files\dotnet\;C:\Program Files\MySQL\MySQL Server 8.0\bin;C:\Program Files\Git\cmd;C:\Program Files\nodejs\;;C:\Program Files\MySQL\MySQL Server 8.4\bin;C:\Program Files\MySQL\MySQL Shell 8.0\bin\;C:\Users\Lenovo\AppData\Local\Programs\Python\Python312\Scripts\;C:\Users\Lenovo\AppData\Local\Programs\Python\Python312\;C:\Users\Lenovo\AppData\Local\Microsoft\WindowsApps;C:\Users\Lenovo\AppData\Local\Programs\Microsoft VS Code\bin;C:\Users\Lenovo\.dotnet\tools;C:\Users\Lenovo\AppData\Roaming\npm
USERNAME=Lenovo
OS=Windows_NT
PROCESSOR_IDENTIFIER=AMD64 Family 23 Model 104 Stepping 1, AuthenticAMD
TMP=C:\Users\Lenovo\AppData\Local\Temp
TEMP=C:\Users\Lenovo\AppData\Local\Temp




Periodic native trim disabled

---------------  S Y S T E M  ---------------

OS:
 Windows 11 , 64 bit Build 26100 (10.0.26100.7623)
OS uptime: 0 days 11:58 hours
Hyper-V role detected

CPU: total 12 (initial active 12) (12 cores per cpu, 2 threads per core) family 23 model 104 stepping 1 microcode 0x8608109, cx8, cmov, fxsr, ht, mmx, 3dnowpref, sse, sse2, sse3, ssse3, sse4a, sse4.1, sse4.2, popcnt, lzcnt, tsc, tscinvbit, avx, avx2, aes, clmul, bmi1, bmi2, adx, sha, fma, vzeroupper, clflush, clflushopt, hv, rdtscp, rdpid, f16c
Processor Information for all 12 processors :
  Max Mhz: 2100, Current Mhz: 2100, Mhz Limit: 2100

Memory: 4k page, system-wide physical 5989M (305M free)
TotalPageFile size 24421M (AvailPageFile size 62M)
current process WorkingSet (physical memory assigned to process): 13M, peak: 13M
current process commit charge ("private bytes"): 54M, peak: 55M

vm_info: Java HotSpot(TM) 64-Bit Server VM (22.0.2+9-70) for windows-amd64 JRE (22.0.2+9-70), built on 2024-06-04T16:52:23Z by "mach5one" with MS VC++ 17.6 (VS2022)

END.
